2025-12-06 11:12:02,316 - data_preprocessing - DEBUG - Data loaded properly
2025-12-06 11:12:02,317 - data_preprocessing - DEBUG - Starting preprocessing for DataFrame
2025-12-06 11:12:02,324 - data_preprocessing - DEBUG - Target column encoded
2025-12-06 11:12:02,338 - data_preprocessing - DEBUG - Duplicates removed
2025-12-06 11:12:02,340 - data_preprocessing - ERROR - Error during text normalization: 
**********************************************************************
  Resource [93mpunkt_tab[0m not found.
  Please use the NLTK Downloader to obtain the resource:

  [31m>>> import nltk
  >>> nltk.download('punkt_tab')
  [0m
  For more information see: https://www.nltk.org/data.html

  Attempted to load [93mtokenizers/punkt_tab/english/[0m

  Searched in:
    - 'C:\\Users\\Admin/nltk_data'
    - 'C:\\Users\\Admin\\anaconda3\\nltk_data'
    - 'C:\\Users\\Admin\\anaconda3\\share\\nltk_data'
    - 'C:\\Users\\Admin\\anaconda3\\lib\\nltk_data'
    - 'C:\\Users\\Admin\\AppData\\Roaming\\nltk_data'
    - 'C:\\nltk_data'
    - 'D:\\nltk_data'
    - 'E:\\nltk_data'
**********************************************************************

2025-12-06 11:12:02,340 - data_preprocessing - ERROR - Failed to complete the data transformation process: 
**********************************************************************
  Resource [93mpunkt_tab[0m not found.
  Please use the NLTK Downloader to obtain the resource:

  [31m>>> import nltk
  >>> nltk.download('punkt_tab')
  [0m
  For more information see: https://www.nltk.org/data.html

  Attempted to load [93mtokenizers/punkt_tab/english/[0m

  Searched in:
    - 'C:\\Users\\Admin/nltk_data'
    - 'C:\\Users\\Admin\\anaconda3\\nltk_data'
    - 'C:\\Users\\Admin\\anaconda3\\share\\nltk_data'
    - 'C:\\Users\\Admin\\anaconda3\\lib\\nltk_data'
    - 'C:\\Users\\Admin\\AppData\\Roaming\\nltk_data'
    - 'C:\\nltk_data'
    - 'D:\\nltk_data'
    - 'E:\\nltk_data'
**********************************************************************

